\BOOKMARK [-1][-]{part.1}{\376\377\000I\000\040\000I\000n\000t\000r\000o\000d\000u\000c\000c\000i\000\363\000n}{}% 1
\BOOKMARK [0][-]{chapter.1}{\376\377\000C\000o\000n\000t\000e\000x\000t\000o}{part.1}% 2
\BOOKMARK [1][-]{section.1.1}{\376\377\000R\000e\000d\000e\000s\000\040\000s\000o\000c\000i\000a\000l\000e\000s\000\040\000y\000\040\000e\000x\000p\000l\000o\000r\000a\000c\000i\000\363\000n\000\040\000m\000a\000r\000i\000n\000a}{chapter.1}% 3
\BOOKMARK [1][-]{section.1.2}{\376\377\000A\000p\000l\000i\000c\000a\000c\000i\000o\000n\000e\000s\000\040\000y\000\040\000t\000e\000c\000n\000o\000l\000o\000g\000\355\000a\000s\000\040\000s\000i\000m\000i\000l\000a\000r\000e\000s}{chapter.1}% 4
\BOOKMARK [0][-]{chapter.2}{\376\377\000O\000b\000j\000e\000t\000i\000v\000o\000s}{part.1}% 5
\BOOKMARK [1][-]{section.2.1}{\376\377\000M\000o\000t\000i\000v\000a\000c\000i\000\363\000n}{chapter.2}% 6
\BOOKMARK [1][-]{section.2.2}{\376\377\000L\000i\000s\000t\000a\000d\000o\000\040\000d\000e\000\040\000o\000b\000j\000e\000t\000i\000v\000o\000s}{chapter.2}% 7
\BOOKMARK [-1][-]{part.2}{\376\377\000I\000I\000\040\000O\000r\000g\000a\000n\000i\000z\000a\000c\000i\000\363\000n\000\040\000d\000e\000l\000\040\000p\000r\000o\000y\000e\000c\000t\000o}{}% 8
\BOOKMARK [0][-]{chapter.3}{\376\377\000M\000e\000t\000o\000d\000o\000l\000o\000g\000\355\000a}{part.2}% 9
\BOOKMARK [1][-]{section.3.1}{\376\377\000E\000s\000t\000r\000u\000c\000t\000u\000r\000a\000\040\000o\000r\000g\000a\000n\000i\000z\000a\000c\000i\000o\000n\000a\000l\000\040\000d\000e\000l\000\040\000p\000r\000o\000y\000e\000c\000t\000o}{chapter.3}% 10
\BOOKMARK [1][-]{section.3.2}{\376\377\000M\000e\000t\000o\000d\000o\000l\000o\000g\000\355\000a\000\040\000d\000e\000\040\000d\000e\000s\000a\000r\000r\000o\000l\000l\000o}{chapter.3}% 11
\BOOKMARK [2][-]{subsection.3.2.1}{\376\377\000J\000u\000s\000t\000i\000f\000i\000c\000a\000c\000i\000\363\000n\000\040\000d\000e\000\040\000F\000e\000a\000t\000u\000r\000e\000-\000D\000r\000i\000v\000e\000n\000\040\000D\000e\000v\000e\000l\000o\000p\000m\000e\000n\000t\000\040\000\050\000F\000D\000D\000\051}{section.3.2}% 12
\BOOKMARK [2][-]{subsection.3.2.2}{\376\377\000A\000d\000a\000p\000t\000a\000c\000i\000\363\000n\000\040\000d\000e\000l\000\040\000c\000i\000c\000l\000o\000\040\000F\000D\000D\000\040\000p\000a\000r\000a\000\040\000S\000c\000u\000b\000e\000x}{section.3.2}% 13
\BOOKMARK [2][-]{subsection.3.2.3}{\376\377\000H\000e\000r\000r\000a\000m\000i\000e\000n\000t\000a\000s\000\040\000d\000e\000\040\000d\000e\000s\000a\000r\000r\000o\000l\000l\000o}{section.3.2}% 14
\BOOKMARK [1][-]{section.3.3}{\376\377\000S\000e\000g\000u\000i\000m\000i\000e\000n\000t\000o\000\040\000y\000\040\000c\000o\000n\000t\000r\000o\000l}{chapter.3}% 15
\BOOKMARK [0][-]{chapter.4}{\376\377\000P\000l\000a\000n\000i\000f\000i\000c\000a\000c\000i\000\363\000n}{part.2}% 16
\BOOKMARK [1][-]{section.4.1}{\376\377\000R\000e\000s\000u\000m\000e\000n\000\040\000t\000e\000m\000p\000o\000r\000a\000l\000\040\000d\000e\000l\000\040\000p\000r\000o\000y\000e\000c\000t\000o}{chapter.4}% 17
\BOOKMARK [1][-]{section.4.2}{\376\377\000P\000l\000a\000n\000i\000f\000i\000c\000a\000c\000i\000\363\000n\000\040\000i\000n\000i\000c\000i\000a\000l}{chapter.4}% 18
\BOOKMARK [0][-]{chapter.5}{\376\377\000C\000o\000s\000t\000e\000s}{part.2}% 19
\BOOKMARK [1][-]{section.5.1}{\376\377\000R\000e\000s\000u\000m\000e\000n\000\040\000d\000e\000\040\000c\000o\000s\000t\000e\000s\000\040\000d\000e\000l\000\040\000p\000r\000o\000y\000e\000c\000t\000o}{chapter.5}% 20
\BOOKMARK [1][-]{section.5.2}{\376\377\000C\000o\000s\000t\000e\000s\000\040\000d\000e\000\040\000p\000e\000r\000s\000o\000n\000a\000l}{chapter.5}% 21
\BOOKMARK [2][-]{subsection.5.2.1}{\376\377\000C\000\341\000l\000c\000u\000l\000o\000\040\000p\000r\000o\000p\000o\000r\000c\000i\000o\000n\000a\000l\000\040\000a\000l\000\040\000t\000i\000e\000m\000p\000o\000\040\000d\000e\000d\000i\000c\000a\000d\000o}{section.5.2}% 22
\BOOKMARK [2][-]{subsection.5.2.2}{\376\377\000C\000o\000s\000t\000e\000s\000\040\000s\000o\000c\000i\000a\000l\000e\000s}{section.5.2}% 23
\BOOKMARK [2][-]{subsection.5.2.3}{\376\377\000T\000o\000t\000a\000l\000\040\000c\000o\000s\000t\000e\000s\000\040\000d\000e\000\040\000p\000e\000r\000s\000o\000n\000a\000l}{section.5.2}% 24
\BOOKMARK [1][-]{section.5.3}{\376\377\000C\000o\000s\000t\000e\000s\000\040\000m\000a\000t\000e\000r\000i\000a\000l\000e\000s}{chapter.5}% 25
\BOOKMARK [2][-]{subsection.5.3.1}{\376\377\000A\000m\000o\000r\000t\000i\000z\000a\000c\000i\000\363\000n\000\040\000d\000e\000\040\000e\000q\000u\000i\000p\000a\000m\000i\000e\000n\000t\000o\000\040\000i\000n\000f\000o\000r\000m\000\341\000t\000i\000c\000o}{section.5.3}% 26
\BOOKMARK [2][-]{subsection.5.3.2}{\376\377\000D\000e\000s\000p\000l\000i\000e\000g\000u\000e\000\040\000e\000n\000\040\000l\000a\000\040\000n\000u\000b\000e}{section.5.3}% 27
\BOOKMARK [2][-]{subsection.5.3.3}{\376\377\000T\000o\000t\000a\000l\000\040\000c\000o\000s\000t\000e\000s\000\040\000m\000a\000t\000e\000r\000i\000a\000l\000e\000s}{section.5.3}% 28
\BOOKMARK [1][-]{section.5.4}{\376\377\000C\000o\000s\000t\000e\000s\000\040\000i\000n\000d\000i\000r\000e\000c\000t\000o\000s}{chapter.5}% 29
\BOOKMARK [1][-]{section.5.5}{\376\377\000C\000o\000s\000t\000e\000\040\000t\000o\000t\000a\000l\000\040\000d\000e\000l\000\040\000p\000r\000o\000y\000e\000c\000t\000o}{chapter.5}% 30
\BOOKMARK [-1][-]{part.3}{\376\377\000I\000I\000I\000\040\000D\000e\000s\000a\000r\000r\000o\000l\000l\000o\000\040\000d\000e\000l\000\040\000p\000r\000o\000y\000e\000c\000t\000o}{}% 31
\BOOKMARK [0][-]{chapter.6}{\376\377\000A\000r\000r\000a\000n\000q\000u\000e}{part.3}% 32
\BOOKMARK [1][-]{section.6.1}{\376\377\000L\000i\000s\000t\000a\000\040\000d\000e\000\040\000c\000a\000r\000a\000c\000t\000e\000r\000\355\000s\000t\000i\000c\000a\000s}{chapter.6}% 33
\BOOKMARK [1][-]{section.6.2}{\376\377\000D\000i\000s\000e\000\361\000o\000\040\000a\000r\000q\000u\000i\000t\000e\000c\000t\000\363\000n\000i\000c\000o}{chapter.6}% 34
\BOOKMARK [2][-]{subsection.6.2.1}{\376\377\000S\000t\000a\000c\000k\000\040\000T\000e\000c\000n\000o\000l\000\363\000g\000i\000c\000o}{section.6.2}% 35
\BOOKMARK [2][-]{subsection.6.2.2}{\376\377\000E\000s\000t\000r\000a\000t\000e\000g\000i\000a\000\040\000d\000e\000\040\000e\000n\000t\000o\000r\000n\000o\000s}{section.6.2}% 36
\BOOKMARK [2][-]{subsection.6.2.3}{\376\377\000J\000u\000s\000t\000i\000f\000i\000c\000a\000c\000i\000\363\000n\000\040\000d\000e\000\040\000M\000a\000p\000L\000i\000b\000r\000e\000\040\000G\000L\000\040\000J\000S\000\040\000+\000\040\000M\000a\000p\000T\000i\000l\000e\000r}{section.6.2}% 37
\BOOKMARK [2][-]{subsection.6.2.4}{\376\377\000I\000n\000t\000e\000g\000r\000a\000c\000i\000\363\000n\000\040\000d\000e\000\040\000A\000P\000I\000s\000\040\000E\000x\000t\000e\000r\000n\000a\000s}{section.6.2}% 38
\BOOKMARK [2][-]{subsection.6.2.5}{\376\377\000D\000i\000a\000g\000r\000a\000m\000a\000\040\000d\000e\000\040\000d\000e\000s\000p\000l\000i\000e\000g\000u\000e}{section.6.2}% 39
\BOOKMARK [0][-]{chapter.7}{\376\377\000I\000t\000e\000r\000a\000c\000i\000\363\000n\000\040\0001\000:\000\040\000I\000n\000i\000c\000i\000o\000\040\000d\000e\000l\000\040\000M\000V\000P\000\040\000d\000e\000\040\000S\000c\000u\000b\000e\000x}{part.3}% 40
\BOOKMARK [1][-]{section.7.1}{\376\377\000C\000a\000r\000a\000c\000t\000e\000r\000\355\000s\000t\000i\000c\000a\000s\000\040\000d\000e\000s\000a\000r\000r\000o\000l\000l\000a\000d\000a\000s\000\040\000e\000s\000t\000a\000\040\000i\000t\000e\000r\000a\000c\000i\000\363\000n}{chapter.7}% 41
\BOOKMARK [1][-]{section.7.2}{\376\377\000D\000i\000s\000e\000\361\000o}{chapter.7}% 42
\BOOKMARK [1][-]{section.7.3}{\376\377\000I\000m\000p\000l\000e\000m\000e\000n\000t\000a\000c\000i\000\363\000n}{chapter.7}% 43
\BOOKMARK [1][-]{section.7.4}{\376\377\000D\000e\000s\000p\000l\000i\000e\000g\000u\000e}{chapter.7}% 44
\BOOKMARK [1][-]{section.7.5}{\376\377\000P\000r\000u\000e\000b\000a\000s}{chapter.7}% 45
\BOOKMARK [1][-]{section.7.6}{\376\377\000S\000e\000g\000u\000i\000m\000i\000e\000n\000t\000o\000\040\000y\000\040\000C\000o\000n\000t\000r\000o\000l}{chapter.7}% 46
\BOOKMARK [0][-]{chapter.8}{\376\377\000I\000t\000e\000r\000a\000c\000i\000\363\000n\000\040\0002\000:\000\040\000S\000i\000s\000t\000e\000m\000a\000\040\000C\000l\000i\000m\000\341\000t\000i\000c\000o}{part.3}% 47
\BOOKMARK [1][-]{section.8.1}{\376\377\000C\000a\000r\000a\000c\000t\000e\000r\000\355\000s\000t\000i\000c\000a\000s\000\040\000d\000e\000s\000a\000r\000r\000o\000l\000l\000a\000d\000a\000s\000\040\000e\000s\000t\000a\000\040\000i\000t\000e\000r\000a\000c\000i\000\363\000n}{chapter.8}% 48
\BOOKMARK [1][-]{section.8.2}{\376\377\000D\000i\000s\000e\000\361\000o}{chapter.8}% 49
\BOOKMARK [1][-]{section.8.3}{\376\377\000I\000m\000p\000l\000e\000m\000e\000n\000t\000a\000c\000i\000\363\000n}{chapter.8}% 50
\BOOKMARK [1][-]{section.8.4}{\376\377\000D\000e\000s\000p\000l\000i\000e\000g\000u\000e}{chapter.8}% 51
\BOOKMARK [1][-]{section.8.5}{\376\377\000P\000r\000u\000e\000b\000a\000s}{chapter.8}% 52
\BOOKMARK [1][-]{section.8.6}{\376\377\000S\000e\000g\000u\000i\000m\000i\000e\000n\000t\000o\000\040\000y\000\040\000C\000o\000n\000t\000r\000o\000l}{chapter.8}% 53
\BOOKMARK [0][-]{chapter.9}{\376\377\000I\000t\000e\000r\000a\000c\000i\000\363\000n\000\040\0003\000:\000\040\000P\000u\000b\000l\000i\000c\000a\000c\000i\000o\000n\000e\000s}{part.3}% 54
\BOOKMARK [1][-]{section.9.1}{\376\377\000C\000a\000r\000a\000c\000t\000e\000r\000\355\000s\000t\000i\000c\000a\000s\000\040\000d\000e\000s\000a\000r\000r\000o\000l\000l\000a\000d\000a\000s\000\040\000e\000s\000t\000a\000\040\000i\000t\000e\000r\000a\000c\000i\000\363\000n}{chapter.9}% 55
\BOOKMARK [1][-]{section.9.2}{\376\377\000D\000i\000s\000e\000\361\000o}{chapter.9}% 56
\BOOKMARK [1][-]{section.9.3}{\376\377\000I\000m\000p\000l\000e\000m\000e\000n\000t\000a\000c\000i\000\363\000n}{chapter.9}% 57
\BOOKMARK [1][-]{section.9.4}{\376\377\000D\000e\000s\000p\000l\000i\000e\000g\000u\000e}{chapter.9}% 58
\BOOKMARK [1][-]{section.9.5}{\376\377\000P\000r\000u\000e\000b\000a\000s}{chapter.9}% 59
\BOOKMARK [1][-]{section.9.6}{\376\377\000S\000e\000g\000u\000i\000m\000i\000e\000n\000t\000o\000\040\000y\000\040\000C\000o\000n\000t\000r\000o\000l}{chapter.9}% 60
\BOOKMARK [0][-]{chapter.10}{\376\377\000I\000t\000e\000r\000a\000c\000i\000\363\000n\000\040\0004\000:\000\040\000I\000n\000t\000e\000r\000a\000c\000c\000i\000o\000n\000e\000s\000\040\000y\000\040\000R\000e\000d\000\040\000S\000o\000c\000i\000a\000l}{part.3}% 61
\BOOKMARK [1][-]{section.10.1}{\376\377\000C\000a\000r\000a\000c\000t\000e\000r\000\355\000s\000t\000i\000c\000a\000s\000\040\000d\000e\000s\000a\000r\000r\000o\000l\000l\000a\000d\000a\000s\000\040\000e\000s\000t\000a\000\040\000i\000t\000e\000r\000a\000c\000i\000\363\000n}{chapter.10}% 62
\BOOKMARK [1][-]{section.10.2}{\376\377\000D\000i\000s\000e\000\361\000o}{chapter.10}% 63
\BOOKMARK [1][-]{section.10.3}{\376\377\000I\000m\000p\000l\000e\000m\000e\000n\000t\000a\000c\000i\000\363\000n}{chapter.10}% 64
\BOOKMARK [1][-]{section.10.4}{\376\377\000D\000e\000s\000p\000l\000i\000e\000g\000u\000e}{chapter.10}% 65
\BOOKMARK [1][-]{section.10.5}{\376\377\000P\000r\000u\000e\000b\000a\000s}{chapter.10}% 66
\BOOKMARK [1][-]{section.10.6}{\376\377\000S\000e\000g\000u\000i\000m\000i\000e\000n\000t\000o\000\040\000y\000\040\000C\000o\000n\000t\000r\000o\000l}{chapter.10}% 67
\BOOKMARK [-1][-]{part.4}{\376\377\000I\000V\000\040\000C\000i\000e\000r\000r\000e\000\040\000d\000e\000l\000\040\000p\000r\000o\000y\000e\000c\000t\000o}{}% 68
\BOOKMARK [0][-]{chapter.11}{\376\377\000M\000a\000n\000u\000a\000l\000\040\000d\000e\000\040\000u\000s\000u\000a\000r\000i\000o}{part.4}% 69
\BOOKMARK [1][-]{section.11.1}{\376\377\000\277\000Q\000u\000\351\000\040\000e\000s\000\040\000S\000c\000u\000b\000e\000x\000?}{chapter.11}% 70
\BOOKMARK [1][-]{section.11.2}{\376\377\000A\000u\000t\000e\000n\000t\000i\000c\000a\000c\000i\000\363\000n}{chapter.11}% 71
\BOOKMARK [1][-]{section.11.3}{\376\377\000E\000x\000p\000l\000o\000r\000a\000c\000i\000\363\000n\000\040\000d\000e\000l\000\040\000m\000a\000p\000a\000,\000\040\000e\000s\000c\000a\000n\000e\000o\000,\000\040\000b\000\372\000s\000q\000u\000e\000d\000a\000\040\000y\000\040\000c\000o\000n\000d\000i\000c\000i\000o\000n\000e\000s}{chapter.11}% 72
\BOOKMARK [1][-]{section.11.4}{\376\377\000S\000i\000s\000t\000e\000m\000a\000\040\000d\000e\000\040\000p\000u\000b\000l\000i\000c\000a\000c\000i\000o\000n\000e\000s}{chapter.11}% 73
\BOOKMARK [1][-]{section.11.5}{\376\377\000R\000e\000d\000\040\000s\000o\000c\000i\000a\000l}{chapter.11}% 74
\BOOKMARK [1][-]{section.11.6}{\376\377\000C\000a\000s\000o\000s\000\040\000d\000e\000\040\000u\000s\000o}{chapter.11}% 75
\BOOKMARK [2][-]{subsection.11.6.1}{\376\377\000E\000x\000p\000l\000o\000r\000a\000d\000o\000r\000:\000\040\000u\000s\000o\000\040\000c\000e\000n\000t\000r\000a\000d\000o\000\040\000e\000n\000\040\000i\000n\000f\000o\000r\000m\000a\000c\000i\000\363\000n\000\040\000d\000e\000\040\000l\000a\000\040\000z\000o\000n\000a}{section.11.6}% 76
\BOOKMARK [2][-]{subsection.11.6.2}{\376\377\000S\000o\000c\000i\000a\000l\000:\000\040\000u\000s\000o\000\040\000c\000e\000n\000t\000r\000a\000d\000o\000\040\000e\000n\000\040\000l\000a\000\040\000c\000o\000m\000u\000n\000i\000d\000a\000d}{section.11.6}% 77
\BOOKMARK [2][-]{subsection.11.6.3}{\376\377\000E\000l\000\040\000u\000s\000u\000a\000r\000i\000o\000\040\000a\000v\000a\000n\000z\000a\000d\000o\000:\000\040\000t\000o\000d\000o\000s\000\040\000l\000o\000s\000\040\000m\000i\000c\000r\000o\000s\000i\000s\000t\000e\000m\000a\000s\000\040\000e\000n\000\040\000m\000a\000r\000c\000h\000a}{section.11.6}% 78
\BOOKMARK [0][-]{chapter.12}{\376\377\000C\000o\000n\000c\000l\000u\000s\000i\000o\000n\000e\000s}{part.4}% 79
\BOOKMARK [1][-]{section.12.1}{\376\377\000I\000n\000f\000o\000r\000m\000e\000\040\000p\000o\000s\000t\000-\000m\000o\000r\000t\000e\000m}{chapter.12}% 80
\BOOKMARK [2][-]{subsection.12.1.1}{\376\377\000L\000o\000\040\000q\000u\000e\000\040\000h\000a\000\040\000i\000d\000o\000\040\000b\000i\000e\000n}{section.12.1}% 81
\BOOKMARK [2][-]{subsection.12.1.2}{\376\377\000L\000o\000\040\000q\000u\000e\000\040\000h\000a\000\040\000i\000d\000o\000\040\000m\000a\000l}{section.12.1}% 82
\BOOKMARK [2][-]{subsection.12.1.3}{\376\377\000D\000i\000s\000c\000u\000s\000i\000\363\000n}{section.12.1}% 83
\BOOKMARK [1][-]{section.12.2}{\376\377\000T\000r\000a\000b\000a\000j\000o\000s\000\040\000f\000u\000t\000u\000r\000o\000s}{chapter.12}% 84
\BOOKMARK [0][-]{section.12.2}{\376\377\000R\000e\000f\000e\000r\000e\000n\000c\000i\000a\000s\000\040\000b\000i\000b\000l\000i\000o\000g\000r\000\341\000f\000i\000c\000a\000s}{part.4}% 85
